# JRE version: Java(TM) SE Runtime Environment 18.9 (11.0.15.1+2) (build 11.0.15.1+2-LTS-10)
# Java VM: Java HotSpot(TM) 64-Bit Server VM 18.9 (11.0.15.1+2-LTS-10, mixed mode, tiered, compressed oops, g1 gc, windows-amd64)
Heap:
 garbage-first heap   total 262144K, used 212171K [0x00000000e0000000, 0x0000000100000000)
  region size 1024K, 99 young (101376K), 8 survivors (8192K)
 Metaspace       used 50549K, capacity 51821K, committed 51968K, reserved 299008K
  class space    used 6560K, capacity 7087K, committed 7168K, reserved 253952K
GC Heap History (10 events):
Event: 23.477 GC heap before
{Heap before GC invocations=54 (full 0):
 garbage-first heap   total 262144K, used 226347K [0x00000000e0000000, 0x0000000100000000)
  region size 1024K, 114 young (116736K), 8 survivors (8192K)
 Metaspace       used 50549K, capacity 51821K, committed 51968K, reserved 299008K
  class space    used 6560K, capacity 7087K, committed 7168K, reserved 253952K
}
Event: 23.483 GC heap after
{Heap after GC invocations=55 (full 0):
 garbage-first heap   total 262144K, used 118257K [0x00000000e0000000, 0x0000000100000000)
  region size 1024K, 9 young (9216K), 9 survivors (9216K)
 Metaspace       used 50549K, capacity 51821K, committed 51968K, reserved 299008K
  class space    used 6560K, capacity 7087K, committed 7168K, reserved 253952K
}
Event: 23.559 GC heap before
{Heap before GC invocations=55 (full 0):
 garbage-first heap   total 262144K, used 224753K [0x00000000e0000000, 0x0000000100000000)
  region size 1024K, 113 young (115712K), 9 survivors (9216K)
 Metaspace       used 50549K, capacity 51821K, committed 51968K, reserved 299008K
  class space    used 6560K, capacity 7087K, committed 7168K, reserved 253952K
}
Event: 23.564 GC heap after
{Heap after GC invocations=56 (full 0):
 garbage-first heap   total 262144K, used 119473K [0x00000000e0000000, 0x0000000100000000)
  region size 1024K, 8 young (8192K), 8 survivors (8192K)
 Metaspace       used 50549K, capacity 51821K, committed 51968K, reserved 299008K
  class space    used 6560K, capacity 7087K, committed 7168K, reserved 253952K
}
Event: 23.636 GC heap before
{Heap before GC invocations=56 (full 0):
 garbage-first heap   total 262144K, used 226993K [0x00000000e0000000, 0x0000000100000000)
  region size 1024K, 113 young (115712K), 8 survivors (8192K)
 Metaspace       used 50549K, capacity 51821K, committed 51968K, reserved 299008K
  class space    used 6560K, capacity 7087K, committed 7168K, reserved 253952K
}
Event: 23.640 GC heap after
{Heap after GC invocations=57 (full 0):
 garbage-first heap   total 262144K, used 120262K [0x00000000e0000000, 0x0000000100000000)
  region size 1024K, 9 young (9216K), 9 survivors (9216K)
 Metaspace       used 50549K, capacity 51821K, committed 51968K, reserved 299008K
  class space    used 6560K, capacity 7087K, committed 7168K, reserved 253952K
}
Event: 23.728 GC heap before
{Heap before GC invocations=57 (full 0):
 garbage-first heap   total 262144K, used 225734K [0x00000000e0000000, 0x0000000100000000)
  region size 1024K, 112 young (114688K), 9 survivors (9216K)
 Metaspace       used 50549K, capacity 51821K, committed 51968K, reserved 299008K
  class space    used 6560K, capacity 7087K, committed 7168K, reserved 253952K
}
Event: 23.733 GC heap after
{Heap after GC invocations=58 (full 0):
 garbage-first heap   total 262144K, used 121007K [0x00000000e0000000, 0x0000000100000000)
  region size 1024K, 8 young (8192K), 8 survivors (8192K)
 Metaspace       used 50549K, capacity 51821K, committed 51968K, reserved 299008K
  class space    used 6560K, capacity 7087K, committed 7168K, reserved 253952K
}
Event: 23.800 GC heap before
{Heap before GC invocations=58 (full 0):
 garbage-first heap   total 262144K, used 226479K [0x00000000e0000000, 0x0000000100000000)
  region size 1024K, 111 young (113664K), 8 survivors (8192K)
 Metaspace       used 50549K, capacity 51821K, committed 51968K, reserved 299008K
  class space    used 6560K, capacity 7087K, committed 7168K, reserved 253952K
}
Event: 23.805 GC heap after
{Heap after GC invocations=59 (full 0):
 garbage-first heap   total 262144K, used 121035K [0x00000000e0000000, 0x0000000100000000)
  region size 1024K, 8 young (8192K), 8 survivors (8192K)
 Metaspace       used 50549K, capacity 51821K, committed 51968K, reserved 299008K
  class space    used 6560K, capacity 7087K, committed 7168K, reserved 253952K
}

