# JRE version: Java(TM) SE Runtime Environment 18.9 (11.0.15.1+2) (build 11.0.15.1+2-LTS-10)
# Java VM: Java HotSpot(TM) 64-Bit Server VM 18.9 (11.0.15.1+2-LTS-10, mixed mode, tiered, compressed oops, g1 gc, windows-amd64)
Heap:
 garbage-first heap   total 120832K, used 66747K [0x00000000e0000000, 0x0000000100000000)
  region size 1024K, 57 young (58368K), 5 survivors (5120K)
 Metaspace       used 40449K, capacity 41779K, committed 41904K, reserved 1085440K
  class space    used 5005K, capacity 5551K, committed 5632K, reserved 1048576K
GC Heap History (10 events):
Event: 2.277 GC heap before
{Heap before GC invocations=0 (full 0):
 garbage-first heap   total 120832K, used 22528K [0x00000000e0000000, 0x0000000100000000)
  region size 1024K, 22 young (22528K), 0 survivors (0K)
 Metaspace       used 12699K, capacity 12987K, committed 13312K, reserved 1060864K
  class space    used 1344K, capacity 1426K, committed 1536K, reserved 1048576K
}
Event: 2.282 GC heap after
{Heap after GC invocations=1 (full 0):
 garbage-first heap   total 120832K, used 8334K [0x00000000e0000000, 0x0000000100000000)
  region size 1024K, 3 young (3072K), 3 survivors (3072K)
 Metaspace       used 12699K, capacity 12987K, committed 13312K, reserved 1060864K
  class space    used 1344K, capacity 1426K, committed 1536K, reserved 1048576K
}
Event: 3.554 GC heap before
{Heap before GC invocations=1 (full 0):
 garbage-first heap   total 120832K, used 51342K [0x00000000e0000000, 0x0000000100000000)
  region size 1024K, 46 young (47104K), 3 survivors (3072K)
 Metaspace       used 20442K, capacity 21115K, committed 21296K, reserved 1069056K
  class space    used 2338K, capacity 2609K, committed 2688K, reserved 1048576K
}
Event: 3.561 GC heap after
{Heap after GC invocations=2 (full 0):
 garbage-first heap   total 120832K, used 10168K [0x00000000e0000000, 0x0000000100000000)
  region size 1024K, 5 young (5120K), 5 survivors (5120K)
 Metaspace       used 20442K, capacity 21115K, committed 21296K, reserved 1069056K
  class space    used 2338K, capacity 2609K, committed 2688K, reserved 1048576K
}
Event: 4.575 GC heap before
{Heap before GC invocations=3 (full 0):
 garbage-first heap   total 120832K, used 52152K [0x00000000e0000000, 0x0000000100000000)
  region size 1024K, 47 young (48128K), 5 survivors (5120K)
 Metaspace       used 26764K, capacity 27775K, committed 27952K, reserved 1073152K
  class space    used 3221K, capacity 3616K, committed 3712K, reserved 1048576K
}
Event: 4.582 GC heap after
{Heap after GC invocations=4 (full 0):
 garbage-first heap   total 120832K, used 11782K [0x00000000e0000000, 0x0000000100000000)
  region size 1024K, 4 young (4096K), 4 survivors (4096K)
 Metaspace       used 26764K, capacity 27775K, committed 27952K, reserved 1073152K
  class space    used 3221K, capacity 3616K, committed 3712K, reserved 1048576K
}
Event: 5.581 GC heap before
{Heap before GC invocations=4 (full 0):
 garbage-first heap   total 120832K, used 66054K [0x00000000e0000000, 0x0000000100000000)
  region size 1024K, 57 young (58368K), 4 survivors (4096K)
 Metaspace       used 32459K, capacity 33592K, committed 33840K, reserved 1079296K
  class space    used 3937K, capacity 4410K, committed 4480K, reserved 1048576K
}
Event: 5.586 GC heap after
{Heap after GC invocations=5 (full 0):
 garbage-first heap   total 120832K, used 13931K [0x00000000e0000000, 0x0000000100000000)
  region size 1024K, 6 young (6144K), 6 survivors (6144K)
 Metaspace       used 32459K, capacity 33592K, committed 33840K, reserved 1079296K
  class space    used 3937K, capacity 4410K, committed 4480K, reserved 1048576K
}
Event: 6.222 GC heap before
{Heap before GC invocations=5 (full 0):
 garbage-first heap   total 120832K, used 38507K [0x00000000e0000000, 0x0000000100000000)
  region size 1024K, 31 young (31744K), 6 survivors (6144K)
 Metaspace       used 34622K, capacity 35788K, committed 35888K, reserved 1081344K
  class space    used 4233K, capacity 4711K, committed 4736K, reserved 1048576K
}
Event: 6.230 GC heap after
{Heap after GC invocations=6 (full 0):
 garbage-first heap   total 120832K, used 14523K [0x00000000e0000000, 0x0000000100000000)
  region size 1024K, 5 young (5120K), 5 survivors (5120K)
 Metaspace       used 34622K, capacity 35788K, committed 35888K, reserved 1081344K
  class space    used 4233K, capacity 4711K, committed 4736K, reserved 1048576K
}

