# JRE version: Java(TM) SE Runtime Environment 18.9 (11.0.15.1+2) (build 11.0.15.1+2-LTS-10)
# Java VM: Java HotSpot(TM) 64-Bit Server VM 18.9 (11.0.15.1+2-LTS-10, mixed mode, tiered, compressed oops, g1 gc, windows-amd64)
Heap:
 garbage-first heap   total 120832K, used 43190K [0x00000000e0000000, 0x0000000100000000)
  region size 1024K, 19 young (19456K), 5 survivors (5120K)
 Metaspace       used 66711K, capacity 68717K, committed 68988K, reserved 1107968K
  class space    used 8823K, capacity 9655K, committed 9676K, reserved 1048576K
GC Heap History (10 events):
Event: 9.650 GC heap before
{Heap before GC invocations=9 (full 0):
 garbage-first heap   total 120832K, used 79642K [0x00000000e0000000, 0x0000000100000000)
  region size 1024K, 70 young (71680K), 9 survivors (9216K)
 Metaspace       used 52342K, capacity 53777K, committed 53936K, reserved 1095680K
  class space    used 6754K, capacity 7350K, committed 7424K, reserved 1048576K
}
Event: 9.659 GC heap after
{Heap after GC invocations=10 (full 0):
 garbage-first heap   total 120832K, used 19936K [0x00000000e0000000, 0x0000000100000000)
  region size 1024K, 7 young (7168K), 7 survivors (7168K)
 Metaspace       used 52342K, capacity 53777K, committed 53936K, reserved 1095680K
  class space    used 6754K, capacity 7350K, committed 7424K, reserved 1048576K
}
Event: 11.012 GC heap before
{Heap before GC invocations=10 (full 0):
 garbage-first heap   total 120832K, used 63968K [0x00000000e0000000, 0x0000000100000000)
  region size 1024K, 51 young (52224K), 7 survivors (7168K)
 Metaspace       used 58427K, capacity 59920K, committed 60028K, reserved 1101824K
  class space    used 7689K, capacity 8325K, committed 8396K, reserved 1048576K
}
Event: 11.021 GC heap after
{Heap after GC invocations=11 (full 0):
 garbage-first heap   total 120832K, used 21153K [0x00000000e0000000, 0x0000000100000000)
  region size 1024K, 4 young (4096K), 4 survivors (4096K)
 Metaspace       used 58427K, capacity 59920K, committed 60028K, reserved 1101824K
  class space    used 7689K, capacity 8325K, committed 8396K, reserved 1048576K
}
Event: 12.336 GC heap before
{Heap before GC invocations=12 (full 0):
 garbage-first heap   total 120832K, used 84641K [0x00000000e0000000, 0x0000000100000000)
  region size 1024K, 66 young (67584K), 4 survivors (4096K)
 Metaspace       used 61371K, capacity 63070K, committed 63356K, reserved 1103872K
  class space    used 8138K, capacity 8847K, committed 8908K, reserved 1048576K
}
Event: 12.342 GC heap after
{Heap after GC invocations=13 (full 0):
 garbage-first heap   total 120832K, used 25052K [0x00000000e0000000, 0x0000000100000000)
  region size 1024K, 7 young (7168K), 7 survivors (7168K)
 Metaspace       used 61371K, capacity 63070K, committed 63356K, reserved 1103872K
  class space    used 8138K, capacity 8847K, committed 8908K, reserved 1048576K
}
Event: 13.484 GC heap before
{Heap before GC invocations=13 (full 0):
 garbage-first heap   total 120832K, used 88540K [0x00000000e0000000, 0x0000000100000000)
  region size 1024K, 69 young (70656K), 7 survivors (7168K)
 Metaspace       used 64874K, capacity 66795K, committed 66940K, reserved 1107968K
  class space    used 8582K, capacity 9405K, committed 9420K, reserved 1048576K
}
Event: 13.490 GC heap after
{Heap after GC invocations=14 (full 0):
 garbage-first heap   total 120832K, used 28572K [0x00000000e0000000, 0x0000000100000000)
  region size 1024K, 8 young (8192K), 8 survivors (8192K)
 Metaspace       used 64874K, capacity 66795K, committed 66940K, reserved 1107968K
  class space    used 8582K, capacity 9405K, committed 9420K, reserved 1048576K
}
Event: 13.941 GC heap before
{Heap before GC invocations=14 (full 0):
 garbage-first heap   total 120832K, used 91036K [0x00000000e0000000, 0x0000000100000000)
  region size 1024K, 69 young (70656K), 8 survivors (8192K)
 Metaspace       used 66498K, capacity 68467K, committed 68732K, reserved 1107968K
  class space    used 8794K, capacity 9617K, committed 9676K, reserved 1048576K
}
Event: 13.948 GC heap after
{Heap after GC invocations=15 (full 0):
 garbage-first heap   total 120832K, used 29878K [0x00000000e0000000, 0x0000000100000000)
  region size 1024K, 5 young (5120K), 5 survivors (5120K)
 Metaspace       used 66498K, capacity 68467K, committed 68732K, reserved 1107968K
  class space    used 8794K, capacity 9617K, committed 9676K, reserved 1048576K
}

