# JRE version: Java(TM) SE Runtime Environment 18.9 (11.0.15.1+2) (build 11.0.15.1+2-LTS-10)
# Java VM: Java HotSpot(TM) 64-Bit Server VM 18.9 (11.0.15.1+2-LTS-10, mixed mode, tiered, compressed oops, g1 gc, windows-amd64)
Heap:
 garbage-first heap   total 120832K, used 30586K [0x00000000e0000000, 0x0000000100000000)
  region size 1024K, 23 young (23552K), 4 survivors (4096K)
 Metaspace       used 30356K, capacity 31381K, committed 31408K, reserved 1077248K
  class space    used 3684K, capacity 4070K, committed 4096K, reserved 1048576K
GC Heap History (8 events):
Event: 1.760 GC heap before
{Heap before GC invocations=0 (full 0):
 garbage-first heap   total 120832K, used 22528K [0x00000000e0000000, 0x0000000100000000)
  region size 1024K, 22 young (22528K), 0 survivors (0K)
 Metaspace       used 12718K, capacity 12987K, committed 13312K, reserved 1060864K
  class space    used 1345K, capacity 1426K, committed 1536K, reserved 1048576K
}
Event: 1.772 GC heap after
{Heap after GC invocations=1 (full 0):
 garbage-first heap   total 120832K, used 8621K [0x00000000e0000000, 0x0000000100000000)
  region size 1024K, 3 young (3072K), 3 survivors (3072K)
 Metaspace       used 12718K, capacity 12987K, committed 13312K, reserved 1060864K
  class space    used 1345K, capacity 1426K, committed 1536K, reserved 1048576K
}
Event: 1.966 GC heap before
{Heap before GC invocations=1 (full 0):
 garbage-first heap   total 120832K, used 16813K [0x00000000e0000000, 0x0000000100000000)
  region size 1024K, 11 young (11264K), 3 survivors (3072K)
 Metaspace       used 14203K, capacity 14598K, committed 14848K, reserved 1062912K
  class space    used 1543K, capacity 1673K, committed 1792K, reserved 1048576K
}
Event: 1.969 GC heap after
{Heap after GC invocations=2 (full 0):
 garbage-first heap   total 120832K, used 8991K [0x00000000e0000000, 0x0000000100000000)
  region size 1024K, 1 young (1024K), 1 survivors (1024K)
 Metaspace       used 14203K, capacity 14598K, committed 14848K, reserved 1062912K
  class space    used 1543K, capacity 1673K, committed 1792K, reserved 1048576K
}
Event: 3.257 GC heap before
{Heap before GC invocations=2 (full 0):
 garbage-first heap   total 120832K, used 44831K [0x00000000e0000000, 0x0000000100000000)
  region size 1024K, 37 young (37888K), 1 survivors (1024K)
 Metaspace       used 20437K, capacity 21114K, committed 21296K, reserved 1069056K
  class space    used 2338K, capacity 2609K, committed 2688K, reserved 1048576K
}
Event: 3.260 GC heap after
{Heap after GC invocations=3 (full 0):
 garbage-first heap   total 120832K, used 10353K [0x00000000e0000000, 0x0000000100000000)
  region size 1024K, 2 young (2048K), 2 survivors (2048K)
 Metaspace       used 20437K, capacity 21114K, committed 21296K, reserved 1069056K
  class space    used 2338K, capacity 2609K, committed 2688K, reserved 1048576K
}
Event: 4.144 GC heap before
{Heap before GC invocations=4 (full 0):
 garbage-first heap   total 120832K, used 62577K [0x00000000e0000000, 0x0000000100000000)
  region size 1024K, 53 young (54272K), 2 survivors (2048K)
 Metaspace       used 28113K, capacity 29155K, committed 29360K, reserved 1075200K
  class space    used 3377K, capacity 3799K, committed 3840K, reserved 1048576K
}
Event: 4.148 GC heap after
{Heap after GC invocations=5 (full 0):
 garbage-first heap   total 120832K, used 12154K [0x00000000e0000000, 0x0000000100000000)
  region size 1024K, 4 young (4096K), 4 survivors (4096K)
 Metaspace       used 28113K, capacity 29155K, committed 29360K, reserved 1075200K
  class space    used 3377K, capacity 3799K, committed 3840K, reserved 1048576K
}

