# JRE version: Java(TM) SE Runtime Environment 18.9 (11.0.15.1+2) (build 11.0.15.1+2-LTS-10)
# Java VM: Java HotSpot(TM) 64-Bit Server VM 18.9 (11.0.15.1+2-LTS-10, mixed mode, tiered, compressed oops, g1 gc, windows-amd64)
Heap:
 garbage-first heap   total 120832K, used 52882K [0x00000000e0000000, 0x0000000100000000)
  region size 1024K, 45 young (46080K), 4 survivors (4096K)
 Metaspace       used 31910K, capacity 33016K, committed 33200K, reserved 1079296K
  class space    used 3880K, capacity 4323K, committed 4352K, reserved 1048576K
GC Heap History (10 events):
Event: 2.450 GC heap before
{Heap before GC invocations=0 (full 0):
 garbage-first heap   total 120832K, used 22528K [0x00000000e0000000, 0x0000000100000000)
  region size 1024K, 22 young (22528K), 0 survivors (0K)
 Metaspace       used 12692K, capacity 12987K, committed 13312K, reserved 1060864K
  class space    used 1345K, capacity 1426K, committed 1536K, reserved 1048576K
}
Event: 2.455 GC heap after
{Heap after GC invocations=1 (full 0):
 garbage-first heap   total 120832K, used 8386K [0x00000000e0000000, 0x0000000100000000)
  region size 1024K, 3 young (3072K), 3 survivors (3072K)
 Metaspace       used 12692K, capacity 12987K, committed 13312K, reserved 1060864K
  class space    used 1345K, capacity 1426K, committed 1536K, reserved 1048576K
}
Event: 2.671 GC heap before
{Heap before GC invocations=1 (full 0):
 garbage-first heap   total 120832K, used 15554K [0x00000000e0000000, 0x0000000100000000)
  region size 1024K, 10 young (10240K), 3 survivors (3072K)
 Metaspace       used 14066K, capacity 14528K, committed 14848K, reserved 1062912K
  class space    used 1525K, capacity 1671K, committed 1792K, reserved 1048576K
}
Event: 2.674 GC heap after
{Heap after GC invocations=2 (full 0):
 garbage-first heap   total 120832K, used 8944K [0x00000000e0000000, 0x0000000100000000)
  region size 1024K, 1 young (1024K), 1 survivors (1024K)
 Metaspace       used 14066K, capacity 14528K, committed 14848K, reserved 1062912K
  class space    used 1525K, capacity 1671K, committed 1792K, reserved 1048576K
}
Event: 3.734 GC heap before
{Heap before GC invocations=2 (full 0):
 garbage-first heap   total 120832K, used 43760K [0x00000000e0000000, 0x0000000100000000)
  region size 1024K, 35 young (35840K), 1 survivors (1024K)
 Metaspace       used 20126K, capacity 20860K, committed 21120K, reserved 1067008K
  class space    used 2296K, capacity 2567K, committed 2688K, reserved 1048576K
}
Event: 3.738 GC heap after
{Heap after GC invocations=3 (full 0):
 garbage-first heap   total 120832K, used 10193K [0x00000000e0000000, 0x0000000100000000)
  region size 1024K, 2 young (2048K), 2 survivors (2048K)
 Metaspace       used 20126K, capacity 20860K, committed 21120K, reserved 1067008K
  class space    used 2296K, capacity 2567K, committed 2688K, reserved 1048576K
}
Event: 3.798 GC heap before
{Heap before GC invocations=3 (full 0):
 garbage-first heap   total 120832K, used 11217K [0x00000000e0000000, 0x0000000100000000)
  region size 1024K, 4 young (4096K), 2 survivors (2048K)
 Metaspace       used 20451K, capacity 21114K, committed 21296K, reserved 1069056K
  class space    used 2339K, capacity 2609K, committed 2688K, reserved 1048576K
}
Event: 3.801 GC heap after
{Heap after GC invocations=4 (full 0):
 garbage-first heap   total 120832K, used 10292K [0x00000000e0000000, 0x0000000100000000)
  region size 1024K, 2 young (2048K), 2 survivors (2048K)
 Metaspace       used 20451K, capacity 21114K, committed 21296K, reserved 1069056K
  class space    used 2339K, capacity 2609K, committed 2688K, reserved 1048576K
}
Event: 5.085 GC heap before
{Heap before GC invocations=5 (full 0):
 garbage-first heap   total 120832K, used 56372K [0x00000000e0000000, 0x0000000100000000)
  region size 1024K, 47 young (48128K), 2 survivors (2048K)
 Metaspace       used 27246K, capacity 28225K, committed 28464K, reserved 1075200K
  class space    used 3281K, capacity 3660K, committed 3712K, reserved 1048576K
}
Event: 5.091 GC heap after
{Heap after GC invocations=6 (full 0):
 garbage-first heap   total 120832K, used 11922K [0x00000000e0000000, 0x0000000100000000)
  region size 1024K, 4 young (4096K), 4 survivors (4096K)
 Metaspace       used 27246K, capacity 28225K, committed 28464K, reserved 1075200K
  class space    used 3281K, capacity 3660K, committed 3712K, reserved 1048576K
}

