# JRE version: Java(TM) SE Runtime Environment 18.9 (11.0.15.1+2) (build 11.0.15.1+2-LTS-10)
# Java VM: Java HotSpot(TM) 64-Bit Server VM 18.9 (11.0.15.1+2-LTS-10, mixed mode, tiered, compressed oops, g1 gc, windows-amd64)
Heap:
 garbage-first heap   total 120832K, used 69878K [0x00000000e0000000, 0x0000000100000000)
  region size 1024K, 60 young (61440K), 9 survivors (9216K)
 Metaspace       used 50369K, capacity 51821K, committed 52144K, reserved 1093632K
  class space    used 6487K, capacity 7081K, committed 7168K, reserved 1048576K
GC Heap History (10 events):
Event: 3.713 GC heap before
{Heap before GC invocations=2 (full 0):
 garbage-first heap   total 120832K, used 44007K [0x00000000e0000000, 0x0000000100000000)
  region size 1024K, 36 young (36864K), 1 survivors (1024K)
 Metaspace       used 20447K, capacity 21114K, committed 21296K, reserved 1069056K
  class space    used 2338K, capacity 2609K, committed 2688K, reserved 1048576K
}
Event: 3.716 GC heap after
{Heap after GC invocations=3 (full 0):
 garbage-first heap   total 120832K, used 10513K [0x00000000e0000000, 0x0000000100000000)
  region size 1024K, 2 young (2048K), 2 survivors (2048K)
 Metaspace       used 20447K, capacity 21114K, committed 21296K, reserved 1069056K
  class space    used 2338K, capacity 2609K, committed 2688K, reserved 1048576K
}
Event: 4.939 GC heap before
{Heap before GC invocations=4 (full 0):
 garbage-first heap   total 120832K, used 59665K [0x00000000e0000000, 0x0000000100000000)
  region size 1024K, 51 young (52224K), 2 survivors (2048K)
 Metaspace       used 27789K, capacity 28770K, committed 29104K, reserved 1075200K
  class space    used 3336K, capacity 3756K, committed 3840K, reserved 1048576K
}
Event: 4.944 GC heap after
{Heap after GC invocations=5 (full 0):
 garbage-first heap   total 120832K, used 12193K [0x00000000e0000000, 0x0000000100000000)
  region size 1024K, 4 young (4096K), 4 survivors (4096K)
 Metaspace       used 27789K, capacity 28770K, committed 29104K, reserved 1075200K
  class space    used 3336K, capacity 3756K, committed 3840K, reserved 1048576K
}
Event: 5.901 GC heap before
{Heap before GC invocations=5 (full 0):
 garbage-first heap   total 120832K, used 68513K [0x00000000e0000000, 0x0000000100000000)
  region size 1024K, 59 young (60416K), 4 survivors (4096K)
 Metaspace       used 32696K, capacity 33748K, committed 33840K, reserved 1079296K
  class space    used 3960K, capacity 4418K, committed 4480K, reserved 1048576K
}
Event: 5.906 GC heap after
{Heap after GC invocations=6 (full 0):
 garbage-first heap   total 120832K, used 14513K [0x00000000e0000000, 0x0000000100000000)
  region size 1024K, 6 young (6144K), 6 survivors (6144K)
 Metaspace       used 32696K, capacity 33748K, committed 33840K, reserved 1079296K
  class space    used 3960K, capacity 4418K, committed 4480K, reserved 1048576K
}
Event: 6.304 GC heap before
{Heap before GC invocations=6 (full 0):
 garbage-first heap   total 120832K, used 32945K [0x00000000e0000000, 0x0000000100000000)
  region size 1024K, 25 young (25600K), 6 survivors (6144K)
 Metaspace       used 34668K, capacity 35799K, committed 35888K, reserved 1081344K
  class space    used 4235K, capacity 4714K, committed 4736K, reserved 1048576K
}
Event: 6.310 GC heap after
{Heap after GC invocations=7 (full 0):
 garbage-first heap   total 120832K, used 15293K [0x00000000e0000000, 0x0000000100000000)
  region size 1024K, 5 young (5120K), 5 survivors (5120K)
 Metaspace       used 34668K, capacity 35799K, committed 35888K, reserved 1081344K
  class space    used 4235K, capacity 4714K, committed 4736K, reserved 1048576K
}
Event: 7.664 GC heap before
{Heap before GC invocations=8 (full 0):
 garbage-first heap   total 120832K, used 76733K [0x00000000e0000000, 0x0000000100000000)
  region size 1024K, 65 young (66560K), 5 survivors (5120K)
 Metaspace       used 42655K, capacity 43975K, committed 44208K, reserved 1087488K
  class space    used 5273K, capacity 5814K, committed 5888K, reserved 1048576K
}
Event: 7.673 GC heap after
{Heap after GC invocations=9 (full 0):
 garbage-first heap   total 120832K, used 18678K [0x00000000e0000000, 0x0000000100000000)
  region size 1024K, 9 young (9216K), 9 survivors (9216K)
 Metaspace       used 42655K, capacity 43975K, committed 44208K, reserved 1087488K
  class space    used 5273K, capacity 5814K, committed 5888K, reserved 1048576K
}

