# JRE version: Java(TM) SE Runtime Environment 18.9 (11.0.15.1+2) (build 11.0.15.1+2-LTS-10)
# Java VM: Java HotSpot(TM) 64-Bit Server VM 18.9 (11.0.15.1+2-LTS-10, mixed mode, tiered, compressed oops, g1 gc, windows-amd64)
Heap:
 garbage-first heap   total 120832K, used 22123K [0x00000000e0000000, 0x0000000100000000)
  region size 1024K, 14 young (14336K), 9 survivors (9216K)
 Metaspace       used 44234K, capacity 45665K, committed 45872K, reserved 1089536K
  class space    used 5422K, capacity 6014K, committed 6016K, reserved 1048576K
GC Heap History (10 events):
Event: 3.448 GC heap before
{Heap before GC invocations=2 (full 0):
 garbage-first heap   total 120832K, used 37176K [0x00000000e0000000, 0x0000000100000000)
  region size 1024K, 29 young (29696K), 1 survivors (1024K)
 Metaspace       used 20432K, capacity 21115K, committed 21296K, reserved 1069056K
  class space    used 2338K, capacity 2609K, committed 2688K, reserved 1048576K
}
Event: 3.453 GC heap after
{Heap after GC invocations=3 (full 0):
 garbage-first heap   total 120832K, used 10563K [0x00000000e0000000, 0x0000000100000000)
  region size 1024K, 2 young (2048K), 2 survivors (2048K)
 Metaspace       used 20432K, capacity 21115K, committed 21296K, reserved 1069056K
  class space    used 2338K, capacity 2609K, committed 2688K, reserved 1048576K
}
Event: 4.707 GC heap before
{Heap before GC invocations=4 (full 0):
 garbage-first heap   total 120832K, used 54595K [0x00000000e0000000, 0x0000000100000000)
  region size 1024K, 45 young (46080K), 2 survivors (2048K)
 Metaspace       used 26802K, capacity 27776K, committed 27952K, reserved 1073152K
  class space    used 3225K, capacity 3616K, committed 3712K, reserved 1048576K
}
Event: 4.711 GC heap after
{Heap after GC invocations=5 (full 0):
 garbage-first heap   total 120832K, used 12160K [0x00000000e0000000, 0x0000000100000000)
  region size 1024K, 4 young (4096K), 4 survivors (4096K)
 Metaspace       used 26802K, capacity 27776K, committed 27952K, reserved 1073152K
  class space    used 3225K, capacity 3616K, committed 3712K, reserved 1048576K
}
Event: 5.598 GC heap before
{Heap before GC invocations=5 (full 0):
 garbage-first heap   total 120832K, used 65408K [0x00000000e0000000, 0x0000000100000000)
  region size 1024K, 56 young (57344K), 4 survivors (4096K)
 Metaspace       used 32369K, capacity 33524K, committed 33840K, reserved 1079296K
  class space    used 3928K, capacity 4409K, committed 4480K, reserved 1048576K
}
Event: 5.603 GC heap after
{Heap after GC invocations=6 (full 0):
 garbage-first heap   total 120832K, used 14152K [0x00000000e0000000, 0x0000000100000000)
  region size 1024K, 6 young (6144K), 6 survivors (6144K)
 Metaspace       used 32369K, capacity 33524K, committed 33840K, reserved 1079296K
  class space    used 3928K, capacity 4409K, committed 4480K, reserved 1048576K
}
Event: 6.344 GC heap before
{Heap before GC invocations=6 (full 0):
 garbage-first heap   total 120832K, used 40776K [0x00000000e0000000, 0x0000000100000000)
  region size 1024K, 33 young (33792K), 6 survivors (6144K)
 Metaspace       used 34635K, capacity 35788K, committed 35888K, reserved 1081344K
  class space    used 4232K, capacity 4711K, committed 4736K, reserved 1048576K
}
Event: 6.353 GC heap after
{Heap after GC invocations=7 (full 0):
 garbage-first heap   total 120832K, used 15136K [0x00000000e0000000, 0x0000000100000000)
  region size 1024K, 5 young (5120K), 5 survivors (5120K)
 Metaspace       used 34635K, capacity 35788K, committed 35888K, reserved 1081344K
  class space    used 4232K, capacity 4711K, committed 4736K, reserved 1048576K
}
Event: 7.870 GC heap before
{Heap before GC invocations=8 (full 0):
 garbage-first heap   total 120832K, used 80672K [0x00000000e0000000, 0x0000000100000000)
  region size 1024K, 70 young (71680K), 5 survivors (5120K)
 Metaspace       used 43434K, capacity 44792K, committed 45104K, reserved 1089536K
  class space    used 5353K, capacity 5916K, committed 6016K, reserved 1048576K
}
Event: 7.877 GC heap after
{Heap after GC invocations=9 (full 0):
 garbage-first heap   total 120832K, used 19051K [0x00000000e0000000, 0x0000000100000000)
  region size 1024K, 9 young (9216K), 9 survivors (9216K)
 Metaspace       used 43434K, capacity 44792K, committed 45104K, reserved 1089536K
  class space    used 5353K, capacity 5916K, committed 6016K, reserved 1048576K
}

