# JRE version: Java(TM) SE Runtime Environment 18.9 (11.0.15.1+2) (build 11.0.15.1+2-LTS-10)
# Java VM: Java HotSpot(TM) 64-Bit Server VM 18.9 (11.0.15.1+2-LTS-10, mixed mode, tiered, compressed oops, g1 gc, windows-amd64)
Heap:
 garbage-first heap   total 120832K, used 70467K [0x00000000e0000000, 0x0000000100000000)
  region size 1024K, 57 young (58368K), 8 survivors (8192K)
 Metaspace       used 55445K, capacity 56929K, committed 57136K, reserved 1099776K
  class space    used 7162K, capacity 7787K, committed 7808K, reserved 1048576K
GC Heap History (10 events):
Event: 4.748 GC heap before
{Heap before GC invocations=4 (full 0):
 garbage-first heap   total 120832K, used 56505K [0x00000000e0000000, 0x0000000100000000)
  region size 1024K, 47 young (48128K), 2 survivors (2048K)
 Metaspace       used 27414K, capacity 28430K, committed 28464K, reserved 1075200K
  class space    used 3301K, capacity 3683K, committed 3712K, reserved 1048576K
}
Event: 4.752 GC heap after
{Heap after GC invocations=5 (full 0):
 garbage-first heap   total 120832K, used 12032K [0x00000000e0000000, 0x0000000100000000)
  region size 1024K, 4 young (4096K), 4 survivors (4096K)
 Metaspace       used 27414K, capacity 28430K, committed 28464K, reserved 1075200K
  class space    used 3301K, capacity 3683K, committed 3712K, reserved 1048576K
}
Event: 6.279 GC heap before
{Heap before GC invocations=5 (full 0):
 garbage-first heap   total 120832K, used 66304K [0x00000000e0000000, 0x0000000100000000)
  region size 1024K, 57 young (58368K), 4 survivors (4096K)
 Metaspace       used 32602K, capacity 33698K, committed 33840K, reserved 1079296K
  class space    used 3961K, capacity 4400K, committed 4480K, reserved 1048576K
}
Event: 6.285 GC heap after
{Heap after GC invocations=6 (full 0):
 garbage-first heap   total 120832K, used 14526K [0x00000000e0000000, 0x0000000100000000)
  region size 1024K, 6 young (6144K), 6 survivors (6144K)
 Metaspace       used 32602K, capacity 33698K, committed 33840K, reserved 1079296K
  class space    used 3961K, capacity 4400K, committed 4480K, reserved 1048576K
}
Event: 6.895 GC heap before
{Heap before GC invocations=6 (full 0):
 garbage-first heap   total 120832K, used 37054K [0x00000000e0000000, 0x0000000100000000)
  region size 1024K, 29 young (29696K), 6 survivors (6144K)
 Metaspace       used 34738K, capacity 35855K, committed 35888K, reserved 1081344K
  class space    used 4252K, capacity 4732K, committed 4736K, reserved 1048576K
}
Event: 6.901 GC heap after
{Heap after GC invocations=7 (full 0):
 garbage-first heap   total 120832K, used 15027K [0x00000000e0000000, 0x0000000100000000)
  region size 1024K, 5 young (5120K), 5 survivors (5120K)
 Metaspace       used 34738K, capacity 35855K, committed 35888K, reserved 1081344K
  class space    used 4252K, capacity 4732K, committed 4736K, reserved 1048576K
}
Event: 8.438 GC heap before
{Heap before GC invocations=8 (full 0):
 garbage-first heap   total 120832K, used 72371K [0x00000000e0000000, 0x0000000100000000)
  region size 1024K, 61 young (62464K), 5 survivors (5120K)
 Metaspace       used 40168K, capacity 41545K, committed 41648K, reserved 1085440K
  class space    used 4996K, capacity 5576K, committed 5632K, reserved 1048576K
}
Event: 8.445 GC heap after
{Heap after GC invocations=9 (full 0):
 garbage-first heap   total 120832K, used 17962K [0x00000000e0000000, 0x0000000100000000)
  region size 1024K, 6 young (6144K), 6 survivors (6144K)
 Metaspace       used 40168K, capacity 41545K, committed 41648K, reserved 1085440K
  class space    used 4996K, capacity 5576K, committed 5632K, reserved 1048576K
}
Event: 10.426 GC heap before
{Heap before GC invocations=9 (full 0):
 garbage-first heap   total 120832K, used 77354K [0x00000000e0000000, 0x0000000100000000)
  region size 1024K, 64 young (65536K), 6 survivors (6144K)
 Metaspace       used 51617K, capacity 53146K, committed 53296K, reserved 1095680K
  class space    used 6653K, capacity 7277K, committed 7296K, reserved 1048576K
}
Event: 10.440 GC heap after
{Heap after GC invocations=10 (full 0):
 garbage-first heap   total 120832K, used 21315K [0x00000000e0000000, 0x0000000100000000)
  region size 1024K, 8 young (8192K), 8 survivors (8192K)
 Metaspace       used 51617K, capacity 53146K, committed 53296K, reserved 1095680K
  class space    used 6653K, capacity 7277K, committed 7296K, reserved 1048576K
}

